<?xml version="1.0" encoding="UTF-8"?>
<!-- Generated by org.testng.reporters.JUnitReportReporter -->
<testsuite hostname="LAPTOP-LN45122I" failures="0" tests="3" name="testNG.suiteExample" time="14.866" errors="0" timestamp="2021-05-29T10:21:03 IST" skipped="0">
  <testcase classname="testNG.suiteExample" name="openYahoo" time="8.053"/>
  <system-out/>
  <testcase classname="testNG.suiteExample" name="openGoogle" time="1.931"/>
  <system-out/>
  <testcase classname="testNG.suiteExample" name="openBing" time="4.882"/>
  <system-out/>
</testsuite> <!-- testNG.suiteExample -->
