<?xml version="1.0" encoding="UTF-8"?>
<!-- Generated by org.testng.reporters.JUnitReportReporter -->
<testsuite hostname="LAPTOP-LN45122I" failures="0" tests="3" name="testNG.dependenciesMgmt" time="0.018" errors="0" timestamp="2021-05-29T10:21:03 IST" skipped="0">
  <testcase classname="testNG.dependenciesMgmt" name="highersecondary" time="0.003"/>
  <system-out/>
  <testcase classname="testNG.dependenciesMgmt" name="engineering" time="0.002"/>
  <system-out/>
  <testcase classname="testNG.dependenciesMgmt" name="tenth" time="0.013"/>
  <system-out/>
</testsuite> <!-- testNG.dependenciesMgmt -->
