<?xml version="1.0" encoding="UTF-8"?>
<!-- Generated by org.testng.reporters.JUnitReportReporter -->
<testsuite hostname="LAPTOP-LN45122I" failures="0" tests="1" name="testNG.parameterExample" time="0.010" errors="0" timestamp="2021-05-31T12:59:14 IST" skipped="0">
  <testcase classname="testNG.parameterExample" name="printName" time="0.010"/>
  <system-out/>
</testsuite> <!-- testNG.parameterExample -->
