<?xml version="1.0" encoding="UTF-8"?>
<!-- Generated by org.testng.reporters.JUnitReportReporter -->
<testsuite hostname="LAPTOP-LN45122I" failures="0" tests="4" name="testNG.DataProviderExcel" time="57.678" errors="0" timestamp="2021-08-25T11:24:17 IST" skipped="0">
  <testcase classname="testNG.DataProviderExcel" name="login" time="12.697"/>
  <system-out/>
  <testcase classname="testNG.DataProviderExcel" name="login" time="19.829"/>
  <system-out/>
  <testcase classname="testNG.DataProviderExcel" name="login" time="11.943"/>
  <system-out/>
  <testcase classname="testNG.DataProviderExcel" name="login" time="13.209"/>
  <system-out/>
</testsuite> <!-- testNG.DataProviderExcel -->
