<?xml version="1.0" encoding="UTF-8"?>
<!-- Generated by org.testng.reporters.JUnitReportReporter -->
<testsuite hostname="LAPTOP-LN45122I" failures="0" tests="5" name="testNG.driveCar" time="0.004" errors="0" timestamp="2021-05-29T10:21:03 IST" skipped="1">
  <testcase classname="testNG.driveCar" name="startTheCar" time="0.001"/>
  <system-out/>
  <testcase classname="testNG.driveCar" name="firstGear" time="0.001"/>
  <system-out/>
  <testcase classname="testNG.driveCar" name="secondGear" time="0.001"/>
  <system-out/>
  <testcase classname="testNG.driveCar" name="thirdGear" time="0.001"/>
  <system-out/>
  <testcase classname="testNG.driveCar" name="turnMusicOn">
    <skipped/>
  </testcase> <!-- turnMusicOn -->
  <system-out/>
</testsuite> <!-- testNG.driveCar -->
