<?xml version="1.0" encoding="UTF-8"?>
<!-- Generated by org.testng.reporters.JUnitReportReporter -->
<testsuite hostname="LAPTOP-LN45122I" failures="0" tests="3" name="testNG.FirstPrgm" time="0.003" errors="0" timestamp="2021-05-29T10:21:03 IST" skipped="0">
  <testcase classname="testNG.FirstPrgm" name="thirdTest" time="0.001"/>
  <system-out/>
  <testcase classname="testNG.FirstPrgm" name="firstTest" time="0.001"/>
  <system-out/>
  <testcase classname="testNG.FirstPrgm" name="secondTest" time="0.001"/>
  <system-out/>
</testsuite> <!-- testNG.FirstPrgm -->
